Session name....... Composite_timeit_timeit
Directory.......... CIVLREP
Date............... Fri Jun 30 15:14:48 CDT 2017
Trace ID........... 0
Violation number....... 0

== Begin Violation Message == 
Violation 0[length=34413, file=CIVLREP/Composite_timeit_timeit_0.trace]:
CIVL execution violation in p0 (kind: OUT_OF_BOUNDS, certainty: PROVEABLE)
at local_flat_all.c:42.38-44 "D[i][k]":
out of bounds array index:
index = 3
length = 3

Input:
  NUMDIM=3
  NUMGP=3
  NUMEL=16
  _omp_thread_max=X__omp_thread_max
Context:
  0<=(SIZEOF(71)-1)
  0<=(SIZEOF_REAL-1)
Call stacks:
process 0:
  local_flat_all at local_flat_all.c:42.24-27 "temp" called from
  axi at axi_all.c:24.16-29 "local_flat_all" called from
  $impl_main at timeit.c:84.4-6 "axi" called from
  $system_impl at compare combiner "inserted text" inserted by compare combiner.$impl_main() called from
  main at timeit.c:22.0-2 "int"

== End Violation Message == 

== Begin Configuration ==
-showUnreached=false
--spec
timeit.c
axi_all16.c
local_flat_all16.c
--impl
timeit.c
axi_all.c
local_flat_all.c
== End Configuration ==

== Begin Trace ==
LENGTH = 34413
== End Trace ==
